2249 / 7399 duration: 5 time: 1675406954491
{
  db: 'protTDA',
  collections: 1,
  views: 0,
  objects: 7540,
  avgObjSize: 151533.91153846154,
  dataSize: 1142565693,
  storageSize: 4096,
  indexes: 1,
  indexSize: 4096,
  totalSize: 8192,
  scaleFactor: 1,
  fsUsedSize: 9693335552,
  fsTotalSize: 1098974756864,
  ok: 1
}
12922 / 46318 duration: 3 time: 1675406964778
{
  db: 'protTDA',
  collections: 1,
  views: 0,
  objects: 52756,
  avgObjSize: 196189.33387671545,
  dataSize: 10350164498,
  storageSize: 5369856,
  indexes: 1,
  indexSize: 274432,
  totalSize: 5644288,
  scaleFactor: 1,
  fsUsedSize: 13573574656,
  fsTotalSize: 1098974756864,
  ok: 1
}
27553 / 93557 duration: 5 time: 1675406976648
{
  db: 'protTDA',
  collections: 1,
  views: 0,
  objects: 113830,
  avgObjSize: 200956.49080207327,
  dataSize: 22874877348,
  storageSize: 4784635904,
  indexes: 1,
  indexSize: 274432,
  totalSize: 4784910336,
  scaleFactor: 1,
  fsUsedSize: 28054396928,
  fsTotalSize: 1098974756864,
  ok: 1
}
45649 / 160170 duration: 4 time: 1675406990758
{
  db: 'protTDA',
  collections: 1,
  views: 0,
  objects: 187321,
  avgObjSize: 204074.9890402037,
  dataSize: 38227531022,
  storageSize: 11580227584,
  indexes: 1,
  indexSize: 3723264,
  totalSize: 11583950848,
  scaleFactor: 1,
  fsUsedSize: 40434970624,
  fsTotalSize: 1098974756864,
  ok: 1
}
58218 / 218397 duration: 3 time: 1675407007452
{
  db: 'protTDA',
  collections: 1,
  views: 0,
  objects: 238380,
  avgObjSize: 205292.16008893363,
  dataSize: 48937545122,
  storageSize: 14938517504,
  indexes: 1,
  indexSize: 4739072,
  totalSize: 14943256576,
  scaleFactor: 1,
  fsUsedSize: 54474784768,
  fsTotalSize: 1098974756864,
  ok: 1
}
76732 / 265409 duration: 2 time: 1675407025846
{
  db: 'protTDA',
  collections: 1,
  views: 0,
  objects: 311163,
  avgObjSize: 207000.9922548632,
  dataSize: 64411049753,
  storageSize: 21967040512,
  indexes: 1,
  indexSize: 5914624,
  totalSize: 21972955136,
  scaleFactor: 1,
  fsUsedSize: 70953054208,
  fsTotalSize: 1098974756864,
  ok: 1
}
128052 / 400115 duration: 2 time: 1675407067530
{
  db: 'protTDA',
  collections: 1,
  views: 0,
  objects: 506016,
  avgObjSize: 210548.17408145196,
  dataSize: 106540744856,
  storageSize: 49829937152,
  indexes: 1,
  indexSize: 6361088,
  totalSize: 49836298240,
  scaleFactor: 1,
  fsUsedSize: 118274998272,
  fsTotalSize: 1098974756864,
  ok: 1
}
157755 / 544743 duration: 4 time: 1675407110628
{
  db: 'protTDA',
  collections: 1,
  views: 0,
  objects: 611736,
  avgObjSize: 211266.3021532164,
  dataSize: 129239202614,
  storageSize: 61069754368,
  indexes: 1,
  indexSize: 9043968,
  totalSize: 61078798336,
  scaleFactor: 1,
  fsUsedSize: 123421233152,
  fsTotalSize: 1098974756864,
  ok: 1
}
185334 / 640947 duration: 3 time: 1675407142884
{
  db: 'protTDA',
  collections: 1,
  views: 0,
  objects: 706969,
  avgObjSize: 211531.28704228898,
  dataSize: 149546062469,
  storageSize: 71540858880,
  indexes: 1,
  indexSize: 10502144,
  totalSize: 71551361024,
  scaleFactor: 1,
  fsUsedSize: 139654258688,
  fsTotalSize: 1098974756864,
  ok: 1
}
220742 / 740576 duration: 3 time: 1675407179514
{
  db: 'protTDA',
  collections: 1,
  views: 0,
  objects: 823738,
  avgObjSize: 211430.79234780962,
  dataSize: 174163578027,
  storageSize: 82618372096,
  indexes: 1,
  indexSize: 15024128,
  totalSize: 82633396224,
  scaleFactor: 1,
  fsUsedSize: 169120256000,
  fsTotalSize: 1098974756864,
  ok: 1
}
274140 / 852354 duration: 4 time: 1675407219466
{
  db: 'protTDA',
  collections: 1,
  views: 0,
  objects: 997673,
  avgObjSize: 210847.90228060697,
  dataSize: 210357259212,
  storageSize: 102161104896,
  indexes: 1,
  indexSize: 18124800,
  totalSize: 102179229696,
  scaleFactor: 1,
  fsUsedSize: 204917694464,
  fsTotalSize: 1098974756864,
  ok: 1
}
341385 / 1057176 duration: 3 time: 1675407272014
{
  db: 'protTDA',
  collections: 1,
  views: 0,
  objects: 1215916,
  avgObjSize: 209902.01922090014,
  dataSize: 255223223603,
  storageSize: 126726266880,
  indexes: 1,
  indexSize: 22269952,
  totalSize: 126748536832,
  scaleFactor: 1,
  fsUsedSize: 253412098048,
  fsTotalSize: 1098974756864,
  ok: 1
}
381274 / 1261621 duration: 2 time: 1675407327572
{
  db: 'protTDA',
  collections: 1,
  views: 0,
  objects: 1343031,
  avgObjSize: 209694.67266429443,
  dataSize: 281626445923,
  storageSize: 131554254848,
  indexes: 1,
  indexSize: 22732800,
  totalSize: 131576987648,
  scaleFactor: 1,
  fsUsedSize: 266507628544,
  fsTotalSize: 1098974756864,
  ok: 1
}
